#
# There is insufficient memory for the Java Runtime Environment to continue.
# Native memory allocation (malloc) failed to allocate 1048576 bytes for AllocateHeap
# Possible reasons:
#   The system is out of physical RAM or swap space
#   In 32 bit mode, the process size limit was hit
# Possible solutions:
#   Reduce memory load on the system
#   Increase physical memory or swap space
#   Check if swap backing store is full
#   Use 64 bit Java on a 64 bit OS
#   Decrease Java heap size (-Xmx/-Xms)
#   Decrease number of Java threads
#   Decrease Java thread stack sizes (-Xss)
#   Set larger code cache with -XX:ReservedCodeCacheSize=
# This output file may be truncated or incomplete.
#
#  Out of Memory Error (memory/allocation.inline.hpp:61), pid=3736, tid=0x0000000000003c60
#
# JRE version:  (8.0_111-b14) (build )
# Java VM: Java HotSpot(TM) 64-Bit Server VM (25.111-b14 mixed mode windows-amd64 compressed oops)
# Failed to write core dump. Minidumps are not enabled by default on client versions of Windows
#

---------------  T H R E A D  ---------------

Current thread (0x0000000002cc1000):  JavaThread "Unknown thread" [_thread_in_vm, id=15456, stack(0x0000000002b40000,0x0000000002c40000)]

Stack: [0x0000000002b40000,0x0000000002c40000]
[error occurred during error reporting (printing stack bounds), id 0xc0000005]

Native frames: (J=compiled Java code, j=interpreted, Vv=VM code, C=native code)


---------------  P R O C E S S  ---------------

Java Threads: ( => current thread )

Other Threads:

=>0x0000000002cc1000 (exited) JavaThread "Unknown thread" [_thread_in_vm, id=15456, stack(0x0000000002b40000,0x0000000002c40000)]

VM state:not at safepoint (normal execution)

VM Mutex/Monitor currently owned by a thread: None

Heap:
 PSYoungGen      total 37888K, used 655K [0x00000000d6180000, 0x00000000d8b80000, 0x0000000100000000)
  eden space 32768K, 2% used [0x00000000d6180000,0x00000000d6223d80,0x00000000d8180000)
  from space 5120K, 0% used [0x00000000d8680000,0x00000000d8680000,0x00000000d8b80000)
  to   space 5120K, 0% used [0x00000000d8180000,0x00000000d8180000,0x00000000d8680000)
 ParOldGen       total 86016K, used 0K [0x0000000082400000, 0x0000000087800000, 0x00000000d6180000)
  object space 86016K, 0% used [0x0000000082400000,0x0000000082400000,0x0000000087800000)
 Metaspace       used 770K, capacity 4480K, committed 4480K, reserved 1056768K
  class space    used 75K, capacity 384K, committed 384K, reserved 1048576K

Card table byte_map: [0x0000000012180000,0x0000000012570000] byte_map_base: 0x0000000011d6e000

Marking Bits: (ParMarkBitMap*) 0x0000000056d8a6c0
 Begin Bits: [0x0000000013210000, 0x0000000015180000)
 End Bits:   [0x0000000015180000, 0x00000000170f0000)

Polling page: 0x0000000000e10000

CodeCache: size=245760Kb used=328Kb max_used=328Kb free=245431Kb
 bounds [0x0000000002dc0000, 0x0000000003030000, 0x0000000011dc0000]
 total_blobs=58 nmethods=0 adapters=38
 compilation: enabled

Compilation events (0 events):
No events

GC Heap History (0 events):
No events

Deoptimization events (0 events):
No events

Internal exceptions (0 events):
No events

Events (10 events):
Event: 0.021 loading class java/lang/Short
Event: 0.021 loading class java/lang/Short done
Event: 0.021 loading class java/lang/Integer
Event: 0.021 loading class java/lang/Integer done
Event: 0.021 loading class java/lang/Long
Event: 0.021 loading class java/lang/Long done
Event: 0.021 loading class java/lang/NullPointerException
Event: 0.021 loading class java/lang/NullPointerException done
Event: 0.021 loading class java/lang/ArithmeticException
Event: 0.022 loading class java/lang/ArithmeticException done


Dynamic libraries:
0x00007ff70a360000 - 0x00007ff70a397000 	C:\Program Files\Java\jdk1.8.0_111\bin\java.exe
0x00007ff953370000 - 0x00007ff953565000 	C:\WINDOWS\SYSTEM32\ntdll.dll
0x00007ff951630000 - 0x00007ff9516ed000 	C:\WINDOWS\System32\KERNEL32.DLL
0x00007ff950c10000 - 0x00007ff950ed9000 	C:\WINDOWS\System32\KERNELBASE.dll
0x00007ff951580000 - 0x00007ff95162c000 	C:\WINDOWS\System32\ADVAPI32.dll
0x00007ff9514b0000 - 0x00007ff95154e000 	C:\WINDOWS\System32\msvcrt.dll
0x00007ff9518a0000 - 0x00007ff95193b000 	C:\WINDOWS\System32\sechost.dll
0x00007ff952650000 - 0x00007ff95277a000 	C:\WINDOWS\System32\RPCRT4.dll
0x00007ff952f80000 - 0x00007ff953120000 	C:\WINDOWS\System32\USER32.dll
0x00007ff950f10000 - 0x00007ff950f32000 	C:\WINDOWS\System32\win32u.dll
0x00007ff952780000 - 0x00007ff9527aa000 	C:\WINDOWS\System32\GDI32.dll
0x00007ff9510a0000 - 0x00007ff9511ab000 	C:\WINDOWS\System32\gdi32full.dll
0x00007ff951240000 - 0x00007ff9512dd000 	C:\WINDOWS\System32\msvcp_win.dll
0x00007ff9512e0000 - 0x00007ff9513e0000 	C:\WINDOWS\System32\ucrtbase.dll
0x00007ff942450000 - 0x00007ff9426ea000 	C:\WINDOWS\WinSxS\amd64_microsoft.windows.common-controls_6595b64144ccf1df_6.0.19041.1083_none_60bbe31371f34e71\COMCTL32.dll
0x00007ff951550000 - 0x00007ff951580000 	C:\WINDOWS\System32\IMM32.DLL
0x0000000056490000 - 0x0000000056562000 	C:\Program Files\Java\jdk1.8.0_111\jre\bin\msvcr100.dll
0x0000000056570000 - 0x0000000056e0a000 	C:\Program Files\Java\jdk1.8.0_111\jre\bin\server\jvm.dll
0x00007ff953320000 - 0x00007ff953328000 	C:\WINDOWS\System32\PSAPI.DLL
0x00007ff94b4a0000 - 0x00007ff94b4aa000 	C:\WINDOWS\SYSTEM32\VERSION.dll
0x00007ff943c70000 - 0x00007ff943c97000 	C:\WINDOWS\SYSTEM32\WINMM.dll
0x00007ff944140000 - 0x00007ff944149000 	C:\WINDOWS\SYSTEM32\WSOCK32.dll
0x00007ff9531d0000 - 0x00007ff95323b000 	C:\WINDOWS\System32\WS2_32.dll
0x0000000056440000 - 0x000000005644f000 	C:\Program Files\Java\jdk1.8.0_111\jre\bin\verify.dll
0x0000000056410000 - 0x0000000056439000 	C:\Program Files\Java\jdk1.8.0_111\jre\bin\java.dll
0x00000000563f0000 - 0x0000000056406000 	C:\Program Files\Java\jdk1.8.0_111\jre\bin\zip.dll

VM Arguments:
jvm_args: -Dfile.encoding=UTF-8 
java_command: Menu
java_class_path (initial): D:\Programming Languages\Java\Trial\Demo_Final_Assignment\build\classes
Launcher Type: SUN_STANDARD

Environment Variables:
JAVA_HOME=C:\Program Files\Java\jdk1.8.0_111
PATH=C:\Program Files\Java\jdk1.8.0_111\bin;C:\ProgramData\Oracle\Java\javapath;C:\Windows\system32;C:\Windows;C:\Windows\System32\Wbem;C:\Windows\System32\WindowsPowerShell\v1.0\;C:\Windows\System32\OpenSSH\;C:\Program Files (x86)\NVIDIA Corporation\PhysX\Common;C:\WINDOWS\system32;C:\WINDOWS;C:\WINDOWS\System32\Wbem;C:\WINDOWS\System32\WindowsPowerShell\v1.0\;C:\WINDOWS\System32\OpenSSH\;C:\Users\ADMIN\AppData\Local\Programs\Python\Python39\Scripts\;C:\Users\ADMIN\AppData\Local\Programs\Python\Python39\;C:\Users\ADMIN\AppData\Local\Microsoft\WindowsApps;C:\Exercism;
USERNAME=ADMIN
OS=Windows_NT
PROCESSOR_IDENTIFIER=Intel64 Family 6 Model 158 Stepping 10, GenuineIntel



---------------  S Y S T E M  ---------------

OS: Windows 10.0 , 64 bit Build 19041 (10.0.19041.1023)

CPU:total 12 (6 cores per cpu, 2 threads per core) family 6 model 158 stepping 10, cmov, cx8, fxsr, mmx, sse, sse2, sse3, ssse3, sse4.1, sse4.2, popcnt, avx, avx2, aes, clmul, erms, 3dnowpref, lzcnt, ht, tsc, tscinvbit, bmi1, bmi2, adx

Memory: 4k page, physical 8236240k(1827640k free), swap 21590860k(5960k free)

vm_info: Java HotSpot(TM) 64-Bit Server VM (25.111-b14) for windows-amd64 JRE (1.8.0_111-b14), built on Sep 22 2016 19:24:05 by "java_re" with MS VC++ 10.0 (VS2010)

time: Sun Jul 11 20:49:57 2021
elapsed time: 0 seconds (0d 0h 0m 0s)

